{"/Users/vanessa/Desktop/entertainment-app-zustand/app/layout.tsx": {"path":"/Users/vanessa/Desktop/entertainment-app-zustand/app/layout.tsx","statementMap":{"0":{"start":{"line":19,"column":24},"end":{"line":19,"column":35}},"1":{"start":{"line":9,"column":13},"end":{"line":9,"column":34}},"2":{"start":{"line":15,"column":13},"end":{"line":15,"column":34}},"3":{"start":{"line":3,"column":23},"end":{"line":3,"column":null}},"4":{"start":{"line":4,"column":26},"end":{"line":4,"column":null}},"5":{"start":{"line":5,"column":7},"end":{"line":5,"column":null}},"6":{"start":{"line":7,"column":15},"end":{"line":7,"column":null}},"7":{"start":{"line":9,"column":34},"end":{"line":13,"column":null}},"8":{"start":{"line":15,"column":34},"end":{"line":17,"column":null}}},"fnMap":{"0":{"name":"RootLayout","decl":{"start":{"line":19,"column":24},"end":{"line":19,"column":35}},"loc":{"start":{"line":23,"column":2},"end":{"line":32,"column":null}}}},"branchMap":{},"s":{"0":0,"1":0,"2":0,"3":0,"4":0,"5":0,"6":0,"7":0,"8":0},"f":{"0":0},"b":{}}
,"/Users/vanessa/Desktop/entertainment-app-zustand/app/loading.tsx": {"path":"/Users/vanessa/Desktop/entertainment-app-zustand/app/loading.tsx","statementMap":{"0":{"start":{"line":1,"column":24},"end":{"line":1,"column":null}},"1":{"start":{"line":2,"column":2},"end":{"line":2,"column":null}}},"fnMap":{"0":{"name":"Loading","decl":{"start":{"line":1,"column":24},"end":{"line":1,"column":null}},"loc":{"start":{"line":1,"column":24},"end":{"line":3,"column":null}}}},"branchMap":{},"s":{"0":0,"1":0},"f":{"0":0},"b":{}}
,"/Users/vanessa/Desktop/entertainment-app-zustand/app/(main)/layout.tsx": {"path":"/Users/vanessa/Desktop/entertainment-app-zustand/app/(main)/layout.tsx","statementMap":{"0":{"start":{"line":4,"column":24},"end":{"line":4,"column":35}},"1":{"start":{"line":2,"column":19},"end":{"line":2,"column":null}}},"fnMap":{"0":{"name":"MainLayout","decl":{"start":{"line":4,"column":24},"end":{"line":4,"column":35}},"loc":{"start":{"line":8,"column":1},"end":{"line":15,"column":null}}}},"branchMap":{},"s":{"0":0,"1":0},"f":{"0":0},"b":{}}
,"/Users/vanessa/Desktop/entertainment-app-zustand/app/(main)/page.tsx": {"path":"/Users/vanessa/Desktop/entertainment-app-zustand/app/(main)/page.tsx","statementMap":{"0":{"start":{"line":11,"column":24},"end":{"line":11,"column":null}},"1":{"start":{"line":3,"column":38},"end":{"line":3,"column":null}},"2":{"start":{"line":5,"column":21},"end":{"line":5,"column":null}},"3":{"start":{"line":6,"column":17},"end":{"line":6,"column":null}},"4":{"start":{"line":7,"column":18},"end":{"line":7,"column":null}},"5":{"start":{"line":8,"column":21},"end":{"line":8,"column":null}},"6":{"start":{"line":9,"column":23},"end":{"line":9,"column":null}},"7":{"start":{"line":22,"column":6},"end":{"line":22,"column":null}},"8":{"start":{"line":24,"column":23},"end":{"line":24,"column":null}},"9":{"start":{"line":25,"column":26},"end":{"line":25,"column":null}},"10":{"start":{"line":26,"column":26},"end":{"line":26,"column":null}},"11":{"start":{"line":28,"column":35},"end":{"line":31,"column":null}},"12":{"start":{"line":33,"column":21},"end":{"line":33,"column":null}},"13":{"start":{"line":57,"column":18},"end":{"line":58,"column":null}}},"fnMap":{"0":{"name":"Home","decl":{"start":{"line":11,"column":24},"end":{"line":11,"column":null}},"loc":{"start":{"line":11,"column":24},"end":{"line":80,"column":null}}},"1":{"name":"(anonymous_3)","decl":{"start":{"line":56,"column":36},"end":{"line":56,"column":37}},"loc":{"start":{"line":57,"column":18},"end":{"line":58,"column":null}}}},"branchMap":{"0":{"loc":{"start":{"line":40,"column":8},"end":{"line":50,"column":null}},"type":"cond-expr","locations":[{"start":{"line":40,"column":8},"end":{"line":50,"column":null}}]}},"s":{"0":14,"1":2,"2":2,"3":2,"4":2,"5":2,"6":2,"7":23,"8":23,"9":23,"10":23,"11":23,"12":23,"13":80},"f":{"0":23,"1":80},"b":{"0":[7]}}
,"/Users/vanessa/Desktop/entertainment-app-zustand/app/(main)/bookmarks/page.tsx": {"path":"/Users/vanessa/Desktop/entertainment-app-zustand/app/(main)/bookmarks/page.tsx","statementMap":{"0":{"start":{"line":25,"column":0},"end":{"line":25,"column":15}},"1":{"start":{"line":2,"column":18},"end":{"line":2,"column":null}},"2":{"start":{"line":3,"column":38},"end":{"line":3,"column":null}},"3":{"start":{"line":4,"column":21},"end":{"line":4,"column":null}},"4":{"start":{"line":6,"column":18},"end":{"line":23,"column":null}},"5":{"start":{"line":7,"column":57},"end":{"line":7,"column":null}},"6":{"start":{"line":9,"column":27},"end":{"line":9,"column":null}},"7":{"start":{"line":10,"column":29},"end":{"line":10,"column":null}},"8":{"start":{"line":25,"column":15},"end":{"line":25,"column":null}}},"fnMap":{"0":{"name":"(anonymous_2)","decl":{"start":{"line":6,"column":18},"end":{"line":6,"column":null}},"loc":{"start":{"line":6,"column":18},"end":{"line":23,"column":null}}}},"branchMap":{},"s":{"0":10,"1":2,"2":2,"3":2,"4":2,"5":13,"6":13,"7":13,"8":2},"f":{"0":13},"b":{}}
,"/Users/vanessa/Desktop/entertainment-app-zustand/app/(main)/movies/page.tsx": {"path":"/Users/vanessa/Desktop/entertainment-app-zustand/app/(main)/movies/page.tsx","statementMap":{"0":{"start":{"line":26,"column":0},"end":{"line":26,"column":15}},"1":{"start":{"line":2,"column":18},"end":{"line":2,"column":null}},"2":{"start":{"line":3,"column":38},"end":{"line":3,"column":null}},"3":{"start":{"line":4,"column":21},"end":{"line":4,"column":null}},"4":{"start":{"line":5,"column":23},"end":{"line":5,"column":null}},"5":{"start":{"line":7,"column":15},"end":{"line":24,"column":null}},"6":{"start":{"line":9,"column":4},"end":{"line":9,"column":null}},"7":{"start":{"line":11,"column":25},"end":{"line":11,"column":null}},"8":{"start":{"line":13,"column":26},"end":{"line":13,"column":null}},"9":{"start":{"line":14,"column":21},"end":{"line":14,"column":null}},"10":{"start":{"line":26,"column":15},"end":{"line":26,"column":null}}},"fnMap":{"0":{"name":"(anonymous_2)","decl":{"start":{"line":7,"column":15},"end":{"line":7,"column":null}},"loc":{"start":{"line":7,"column":15},"end":{"line":24,"column":null}}}},"branchMap":{},"s":{"0":9,"1":2,"2":2,"3":2,"4":2,"5":2,"6":14,"7":14,"8":14,"9":14,"10":2},"f":{"0":14},"b":{}}
,"/Users/vanessa/Desktop/entertainment-app-zustand/app/(main)/tv-series/page.tsx": {"path":"/Users/vanessa/Desktop/entertainment-app-zustand/app/(main)/tv-series/page.tsx","statementMap":{"0":{"start":{"line":31,"column":0},"end":{"line":31,"column":15}},"1":{"start":{"line":2,"column":18},"end":{"line":2,"column":null}},"2":{"start":{"line":3,"column":38},"end":{"line":3,"column":null}},"3":{"start":{"line":4,"column":21},"end":{"line":4,"column":null}},"4":{"start":{"line":5,"column":23},"end":{"line":5,"column":null}},"5":{"start":{"line":7,"column":17},"end":{"line":29,"column":null}},"6":{"start":{"line":9,"column":4},"end":{"line":9,"column":null}},"7":{"start":{"line":11,"column":27},"end":{"line":11,"column":null}},"8":{"start":{"line":13,"column":28},"end":{"line":16,"column":null}},"9":{"start":{"line":18,"column":21},"end":{"line":18,"column":null}},"10":{"start":{"line":31,"column":15},"end":{"line":31,"column":null}}},"fnMap":{"0":{"name":"(anonymous_2)","decl":{"start":{"line":7,"column":17},"end":{"line":7,"column":null}},"loc":{"start":{"line":7,"column":17},"end":{"line":29,"column":null}}}},"branchMap":{},"s":{"0":6,"1":2,"2":2,"3":2,"4":2,"5":2,"6":9,"7":9,"8":9,"9":9,"10":2},"f":{"0":9},"b":{}}
,"/Users/vanessa/Desktop/entertainment-app-zustand/component/ui/card/index.tsx": {"path":"/Users/vanessa/Desktop/entertainment-app-zustand/component/ui/card/index.tsx","statementMap":{"0":{"start":{"line":88,"column":0},"end":{"line":88,"column":15}},"1":{"start":{"line":2,"column":18},"end":{"line":2,"column":null}},"2":{"start":{"line":3,"column":28},"end":{"line":3,"column":null}},"3":{"start":{"line":4,"column":25},"end":{"line":4,"column":null}},"4":{"start":{"line":5,"column":22},"end":{"line":5,"column":null}},"5":{"start":{"line":6,"column":19},"end":{"line":6,"column":null}},"6":{"start":{"line":28,"column":13},"end":{"line":86,"column":null}},"7":{"start":{"line":29,"column":23},"end":{"line":30,"column":null}},"8":{"start":{"line":30,"column":15},"end":{"line":30,"column":null}},"9":{"start":{"line":30,"column":54},"end":{"line":30,"column":77}},"10":{"start":{"line":32,"column":25},"end":{"line":32,"column":null}},"11":{"start":{"line":32,"column":48},"end":{"line":32,"column":68}},"12":{"start":{"line":34,"column":30},"end":{"line":36,"column":null}},"13":{"start":{"line":35,"column":4},"end":{"line":35,"column":null}},"14":{"start":{"line":88,"column":15},"end":{"line":88,"column":null}}},"fnMap":{"0":{"name":"(anonymous_2)","decl":{"start":{"line":28,"column":13},"end":{"line":28,"column":14}},"loc":{"start":{"line":28,"column":96},"end":{"line":86,"column":null}}},"1":{"name":"(anonymous_3)","decl":{"start":{"line":30,"column":4},"end":{"line":30,"column":5}},"loc":{"start":{"line":30,"column":15},"end":{"line":30,"column":null}}},"2":{"name":"(anonymous_4)","decl":{"start":{"line":30,"column":44},"end":{"line":30,"column":45}},"loc":{"start":{"line":30,"column":54},"end":{"line":30,"column":77}}},"3":{"name":"(anonymous_5)","decl":{"start":{"line":32,"column":37},"end":{"line":32,"column":38}},"loc":{"start":{"line":32,"column":48},"end":{"line":32,"column":68}}},"4":{"name":"(anonymous_6)","decl":{"start":{"line":34,"column":30},"end":{"line":34,"column":null}},"loc":{"start":{"line":34,"column":30},"end":{"line":36,"column":null}}}},"branchMap":{"0":{"loc":{"start":{"line":28,"column":65},"end":{"line":28,"column":83}},"type":"default-arg","locations":[{"start":{"line":28,"column":78},"end":{"line":28,"column":83}}]},"1":{"loc":{"start":{"line":30,"column":15},"end":{"line":30,"column":null}},"type":"binary-expr","locations":[{"start":{"line":30,"column":15},"end":{"line":30,"column":93}},{"start":{"line":30,"column":93},"end":{"line":30,"column":null}}]},"2":{"loc":{"start":{"line":41,"column":8},"end":{"line":43,"column":null}},"type":"cond-expr","locations":[{"start":{"line":42,"column":12},"end":{"line":42,"column":null}},{"start":{"line":43,"column":12},"end":{"line":43,"column":null}}]},"3":{"loc":{"start":{"line":46,"column":25},"end":{"line":46,"column":53}},"type":"binary-expr","locations":[{"start":{"line":46,"column":25},"end":{"line":46,"column":39}},{"start":{"line":46,"column":39},"end":{"line":46,"column":53}}]},"4":{"loc":{"start":{"line":51,"column":30},"end":{"line":51,"column":null}},"type":"cond-expr","locations":[{"start":{"line":51,"column":45},"end":{"line":51,"column":62}},{"start":{"line":51,"column":62},"end":{"line":51,"column":null}}]},"5":{"loc":{"start":{"line":53,"column":9},"end":{"line":53,"column":null}},"type":"binary-expr","locations":[{"start":{"line":53,"column":9},"end":{"line":53,"column":null}}]},"6":{"loc":{"start":{"line":55,"column":19},"end":{"line":55,"column":null}},"type":"cond-expr","locations":[{"start":{"line":55,"column":32},"end":{"line":55,"column":38}},{"start":{"line":55,"column":38},"end":{"line":55,"column":null}}]},"7":{"loc":{"start":{"line":56,"column":20},"end":{"line":56,"column":null}},"type":"cond-expr","locations":[{"start":{"line":56,"column":33},"end":{"line":56,"column":39}},{"start":{"line":56,"column":39},"end":{"line":56,"column":null}}]},"8":{"loc":{"start":{"line":57,"column":26},"end":{"line":57,"column":50}},"type":"binary-expr","locations":[{"start":{"line":57,"column":26},"end":{"line":57,"column":41}},{"start":{"line":57,"column":41},"end":{"line":57,"column":50}}]},"9":{"loc":{"start":{"line":58,"column":17},"end":{"line":58,"column":null}},"type":"binary-expr","locations":[{"start":{"line":58,"column":17},"end":{"line":58,"column":45}},{"start":{"line":58,"column":45},"end":{"line":58,"column":74}},{"start":{"line":58,"column":74},"end":{"line":58,"column":null}}]},"10":{"loc":{"start":{"line":66,"column":10},"end":{"line":68,"column":null}},"type":"cond-expr","locations":[{"start":{"line":67,"column":14},"end":{"line":67,"column":null}},{"start":{"line":68,"column":14},"end":{"line":68,"column":null}}]},"11":{"loc":{"start":{"line":75,"column":36},"end":{"line":75,"column":65}},"type":"cond-expr","locations":[{"start":{"line":75,"column":36},"end":{"line":75,"column":65}}]}},"s":{"0":509,"1":7,"2":7,"3":7,"4":7,"5":7,"6":7,"7":509,"8":1727,"9":17971,"10":509,"11":1727,"12":509,"13":1,"14":7},"f":{"0":509,"1":1727,"2":17971,"3":1727,"4":1},"b":{"0":[3],"1":[1727,1376],"2":[139,370],"3":[509,139],"4":[105,404],"5":[509],"6":[139,370],"7":[139,370],"8":[509,370],"9":[509,1,0],"10":[139,370],"11":[292]}}
,"/Users/vanessa/Desktop/entertainment-app-zustand/component/ui/card-list/index.tsx": {"path":"/Users/vanessa/Desktop/entertainment-app-zustand/component/ui/card-list/index.tsx","statementMap":{"0":{"start":{"line":28,"column":0},"end":{"line":28,"column":15}},"1":{"start":{"line":2,"column":17},"end":{"line":2,"column":null}},"2":{"start":{"line":3,"column":24},"end":{"line":3,"column":null}},"3":{"start":{"line":10,"column":17},"end":{"line":26,"column":null}},"4":{"start":{"line":14,"column":8},"end":{"line":15,"column":null}},"5":{"start":{"line":28,"column":15},"end":{"line":28,"column":null}}},"fnMap":{"0":{"name":"(anonymous_2)","decl":{"start":{"line":10,"column":17},"end":{"line":10,"column":18}},"loc":{"start":{"line":10,"column":41},"end":{"line":26,"column":null}}},"1":{"name":"(anonymous_3)","decl":{"start":{"line":13,"column":16},"end":{"line":13,"column":17}},"loc":{"start":{"line":14,"column":8},"end":{"line":15,"column":null}}}},"branchMap":{},"s":{"0":75,"1":6,"2":6,"3":6,"4":422,"5":6},"f":{"0":75,"1":422},"b":{}}
,"/Users/vanessa/Desktop/entertainment-app-zustand/component/ui/carousel/index.tsx": {"path":"/Users/vanessa/Desktop/entertainment-app-zustand/component/ui/carousel/index.tsx","statementMap":{"0":{"start":{"line":33,"column":0},"end":{"line":33,"column":15}},"1":{"start":{"line":5,"column":23},"end":{"line":5,"column":null}},"2":{"start":{"line":12,"column":17},"end":{"line":31,"column":null}},"3":{"start":{"line":13,"column":20},"end":{"line":13,"column":null}},"4":{"start":{"line":15,"column":2},"end":{"line":15,"column":null}},"5":{"start":{"line":15,"column":26},"end":{"line":15,"column":null}},"6":{"start":{"line":24,"column":10},"end":{"line":24,"column":27}},"7":{"start":{"line":33,"column":15},"end":{"line":33,"column":null}}},"fnMap":{"0":{"name":"(anonymous_1)","decl":{"start":{"line":12,"column":17},"end":{"line":12,"column":18}},"loc":{"start":{"line":12,"column":53},"end":{"line":31,"column":null}}},"1":{"name":"(anonymous_2)","decl":{"start":{"line":23,"column":19},"end":{"line":23,"column":20}},"loc":{"start":{"line":24,"column":10},"end":{"line":24,"column":27}}}},"branchMap":{"0":{"loc":{"start":{"line":15,"column":2},"end":{"line":15,"column":null}},"type":"if","locations":[{"start":{"line":15,"column":2},"end":{"line":15,"column":null}},{"start":{},"end":{}}]}},"s":{"0":16,"1":2,"2":2,"3":16,"4":16,"5":0,"6":80,"7":2},"f":{"0":16,"1":80},"b":{"0":[0,16]}}
,"/Users/vanessa/Desktop/entertainment-app-zustand/component/ui/content-grid/index.tsx": {"path":"/Users/vanessa/Desktop/entertainment-app-zustand/component/ui/content-grid/index.tsx","statementMap":{"0":{"start":{"line":11,"column":0},"end":{"line":11,"column":15}},"1":{"start":{"line":7,"column":20},"end":{"line":9,"column":null}},"2":{"start":{"line":11,"column":15},"end":{"line":11,"column":null}}},"fnMap":{"0":{"name":"(anonymous_1)","decl":{"start":{"line":7,"column":20},"end":{"line":7,"column":21}},"loc":{"start":{"line":7,"column":51},"end":{"line":9,"column":null}}}},"branchMap":{},"s":{"0":75,"1":6,"2":6},"f":{"0":75},"b":{}}
,"/Users/vanessa/Desktop/entertainment-app-zustand/component/ui/icons/BookmarkIcon.tsx": {"path":"/Users/vanessa/Desktop/entertainment-app-zustand/component/ui/icons/BookmarkIcon.tsx","statementMap":{"0":{"start":{"line":18,"column":0},"end":{"line":18,"column":15}},"1":{"start":{"line":5,"column":21},"end":{"line":16,"column":null}},"2":{"start":{"line":18,"column":15},"end":{"line":18,"column":null}}},"fnMap":{"0":{"name":"(anonymous_1)","decl":{"start":{"line":5,"column":21},"end":{"line":5,"column":22}},"loc":{"start":{"line":5,"column":58},"end":{"line":16,"column":null}}}},"branchMap":{"0":{"loc":{"start":{"line":5,"column":24},"end":{"line":5,"column":37}},"type":"default-arg","locations":[{"start":{"line":5,"column":31},"end":{"line":5,"column":37}}]}},"s":{"0":509,"1":7,"2":7},"f":{"0":509},"b":{"0":[0]}}
,"/Users/vanessa/Desktop/entertainment-app-zustand/component/ui/icons/BookmarkNavIcon.tsx": {"path":"/Users/vanessa/Desktop/entertainment-app-zustand/component/ui/icons/BookmarkNavIcon.tsx","statementMap":{"0":{"start":{"line":16,"column":0},"end":{"line":16,"column":15}},"1":{"start":{"line":5,"column":24},"end":{"line":14,"column":null}},"2":{"start":{"line":16,"column":15},"end":{"line":16,"column":null}}},"fnMap":{"0":{"name":"(anonymous_1)","decl":{"start":{"line":5,"column":24},"end":{"line":5,"column":25}},"loc":{"start":{"line":5,"column":67},"end":{"line":14,"column":null}}}},"branchMap":{"0":{"loc":{"start":{"line":5,"column":27},"end":{"line":5,"column":43}},"type":"default-arg","locations":[{"start":{"line":5,"column":34},"end":{"line":5,"column":43}}]}},"s":{"0":4,"1":1,"2":1},"f":{"0":4},"b":{"0":[4]}}
,"/Users/vanessa/Desktop/entertainment-app-zustand/component/ui/icons/HomeIcon.tsx": {"path":"/Users/vanessa/Desktop/entertainment-app-zustand/component/ui/icons/HomeIcon.tsx","statementMap":{"0":{"start":{"line":16,"column":0},"end":{"line":16,"column":15}},"1":{"start":{"line":5,"column":17},"end":{"line":14,"column":null}},"2":{"start":{"line":16,"column":15},"end":{"line":16,"column":null}}},"fnMap":{"0":{"name":"(anonymous_1)","decl":{"start":{"line":5,"column":17},"end":{"line":5,"column":18}},"loc":{"start":{"line":5,"column":53},"end":{"line":14,"column":null}}}},"branchMap":{"0":{"loc":{"start":{"line":5,"column":20},"end":{"line":5,"column":36}},"type":"default-arg","locations":[{"start":{"line":5,"column":27},"end":{"line":5,"column":36}}]}},"s":{"0":4,"1":1,"2":1},"f":{"0":4},"b":{"0":[0]}}
,"/Users/vanessa/Desktop/entertainment-app-zustand/component/ui/icons/MovieIcon.tsx": {"path":"/Users/vanessa/Desktop/entertainment-app-zustand/component/ui/icons/MovieIcon.tsx","statementMap":{"0":{"start":{"line":16,"column":0},"end":{"line":16,"column":15}},"1":{"start":{"line":5,"column":18},"end":{"line":14,"column":null}},"2":{"start":{"line":16,"column":15},"end":{"line":16,"column":null}}},"fnMap":{"0":{"name":"(anonymous_1)","decl":{"start":{"line":5,"column":18},"end":{"line":5,"column":19}},"loc":{"start":{"line":5,"column":55},"end":{"line":14,"column":null}}}},"branchMap":{"0":{"loc":{"start":{"line":5,"column":21},"end":{"line":5,"column":37}},"type":"default-arg","locations":[{"start":{"line":5,"column":28},"end":{"line":5,"column":37}}]}},"s":{"0":296,"1":8,"2":8},"f":{"0":296},"b":{"0":[4]}}
,"/Users/vanessa/Desktop/entertainment-app-zustand/component/ui/icons/PlayIcon.tsx": {"path":"/Users/vanessa/Desktop/entertainment-app-zustand/component/ui/icons/PlayIcon.tsx","statementMap":{"0":{"start":{"line":12,"column":0},"end":{"line":12,"column":15}},"1":{"start":{"line":1,"column":17},"end":{"line":10,"column":null}},"2":{"start":{"line":12,"column":15},"end":{"line":12,"column":null}}},"fnMap":{"0":{"name":"(anonymous_1)","decl":{"start":{"line":1,"column":17},"end":{"line":1,"column":null}},"loc":{"start":{"line":1,"column":17},"end":{"line":10,"column":null}}}},"branchMap":{},"s":{"0":0,"1":0,"2":0},"f":{"0":0},"b":{}}
,"/Users/vanessa/Desktop/entertainment-app-zustand/component/ui/icons/SearchIcon.tsx": {"path":"/Users/vanessa/Desktop/entertainment-app-zustand/component/ui/icons/SearchIcon.tsx","statementMap":{"0":{"start":{"line":12,"column":0},"end":{"line":12,"column":15}},"1":{"start":{"line":1,"column":19},"end":{"line":10,"column":null}},"2":{"start":{"line":12,"column":15},"end":{"line":12,"column":null}}},"fnMap":{"0":{"name":"(anonymous_1)","decl":{"start":{"line":1,"column":19},"end":{"line":1,"column":null}},"loc":{"start":{"line":1,"column":19},"end":{"line":10,"column":null}}}},"branchMap":{},"s":{"0":64,"1":6,"2":6},"f":{"0":64},"b":{}}
,"/Users/vanessa/Desktop/entertainment-app-zustand/component/ui/icons/SiteLogo.tsx": {"path":"/Users/vanessa/Desktop/entertainment-app-zustand/component/ui/icons/SiteLogo.tsx","statementMap":{"0":{"start":{"line":12,"column":0},"end":{"line":12,"column":15}},"1":{"start":{"line":1,"column":17},"end":{"line":10,"column":null}},"2":{"start":{"line":12,"column":15},"end":{"line":12,"column":null}}},"fnMap":{"0":{"name":"(anonymous_1)","decl":{"start":{"line":1,"column":17},"end":{"line":1,"column":null}},"loc":{"start":{"line":1,"column":17},"end":{"line":10,"column":null}}}},"branchMap":{},"s":{"0":4,"1":1,"2":1},"f":{"0":4},"b":{}}
,"/Users/vanessa/Desktop/entertainment-app-zustand/component/ui/icons/TVIcon.tsx": {"path":"/Users/vanessa/Desktop/entertainment-app-zustand/component/ui/icons/TVIcon.tsx","statementMap":{"0":{"start":{"line":16,"column":0},"end":{"line":16,"column":15}},"1":{"start":{"line":5,"column":15},"end":{"line":14,"column":null}},"2":{"start":{"line":16,"column":15},"end":{"line":16,"column":null}}},"fnMap":{"0":{"name":"(anonymous_1)","decl":{"start":{"line":5,"column":15},"end":{"line":5,"column":16}},"loc":{"start":{"line":5,"column":49},"end":{"line":14,"column":null}}}},"branchMap":{"0":{"loc":{"start":{"line":5,"column":18},"end":{"line":5,"column":34}},"type":"default-arg","locations":[{"start":{"line":5,"column":25},"end":{"line":5,"column":34}}]}},"s":{"0":221,"1":8,"2":8},"f":{"0":221},"b":{"0":[4]}}
,"/Users/vanessa/Desktop/entertainment-app-zustand/component/ui/input/index.tsx": {"path":"/Users/vanessa/Desktop/entertainment-app-zustand/component/ui/input/index.tsx","statementMap":{"0":{"start":{"line":30,"column":0},"end":{"line":30,"column":15}},"1":{"start":{"line":4,"column":23},"end":{"line":4,"column":null}},"2":{"start":{"line":11,"column":14},"end":{"line":28,"column":null}},"3":{"start":{"line":12,"column":23},"end":{"line":15,"column":null}},"4":{"start":{"line":13,"column":20},"end":{"line":13,"column":34}},"5":{"start":{"line":14,"column":4},"end":{"line":14,"column":null}},"6":{"start":{"line":24,"column":25},"end":{"line":24,"column":null}},"7":{"start":{"line":30,"column":15},"end":{"line":30,"column":null}}},"fnMap":{"0":{"name":"(anonymous_2)","decl":{"start":{"line":11,"column":14},"end":{"line":11,"column":15}},"loc":{"start":{"line":11,"column":52},"end":{"line":28,"column":null}}},"1":{"name":"(anonymous_3)","decl":{"start":{"line":12,"column":23},"end":{"line":12,"column":24}},"loc":{"start":{"line":12,"column":24},"end":{"line":15,"column":null}}},"2":{"name":"(anonymous_4)","decl":{"start":{"line":24,"column":18},"end":{"line":24,"column":19}},"loc":{"start":{"line":24,"column":25},"end":{"line":24,"column":null}}}},"branchMap":{},"s":{"0":64,"1":6,"2":6,"3":64,"4":23,"5":23,"6":23,"7":6},"f":{"0":64,"1":23,"2":23},"b":{}}
,"/Users/vanessa/Desktop/entertainment-app-zustand/component/ui/navbar/index.tsx": {"path":"/Users/vanessa/Desktop/entertainment-app-zustand/component/ui/navbar/index.tsx","statementMap":{"0":{"start":{"line":60,"column":0},"end":{"line":60,"column":15}},"1":{"start":{"line":3,"column":18},"end":{"line":3,"column":null}},"2":{"start":{"line":4,"column":17},"end":{"line":4,"column":null}},"3":{"start":{"line":6,"column":21},"end":{"line":6,"column":null}},"4":{"start":{"line":7,"column":21},"end":{"line":7,"column":null}},"5":{"start":{"line":8,"column":22},"end":{"line":8,"column":null}},"6":{"start":{"line":9,"column":19},"end":{"line":9,"column":null}},"7":{"start":{"line":10,"column":28},"end":{"line":10,"column":null}},"8":{"start":{"line":11,"column":28},"end":{"line":11,"column":null}},"9":{"start":{"line":18,"column":15},"end":{"line":58,"column":null}},"10":{"start":{"line":19,"column":19},"end":{"line":19,"column":null}},"11":{"start":{"line":21,"column":34},"end":{"line":38,"column":null}},"12":{"start":{"line":48,"column":12},"end":{"line":48,"column":28}},"13":{"start":{"line":60,"column":15},"end":{"line":60,"column":null}}},"fnMap":{"0":{"name":"(anonymous_2)","decl":{"start":{"line":18,"column":15},"end":{"line":18,"column":null}},"loc":{"start":{"line":18,"column":15},"end":{"line":58,"column":null}}},"1":{"name":"(anonymous_3)","decl":{"start":{"line":47,"column":23},"end":{"line":47,"column":24}},"loc":{"start":{"line":48,"column":12},"end":{"line":48,"column":28}}}},"branchMap":{"0":{"loc":{"start":{"line":24,"column":28},"end":{"line":24,"column":null}},"type":"cond-expr","locations":[{"start":{"line":24,"column":47},"end":{"line":24,"column":56}},{"start":{"line":24,"column":56},"end":{"line":24,"column":null}}]},"1":{"loc":{"start":{"line":28,"column":29},"end":{"line":28,"column":null}},"type":"cond-expr","locations":[{"start":{"line":28,"column":54},"end":{"line":28,"column":63}},{"start":{"line":28,"column":63},"end":{"line":28,"column":null}}]},"2":{"loc":{"start":{"line":32,"column":26},"end":{"line":32,"column":null}},"type":"cond-expr","locations":[{"start":{"line":32,"column":54},"end":{"line":32,"column":63}},{"start":{"line":32,"column":63},"end":{"line":32,"column":null}}]},"3":{"loc":{"start":{"line":36,"column":35},"end":{"line":36,"column":null}},"type":"cond-expr","locations":[{"start":{"line":36,"column":63},"end":{"line":36,"column":72}},{"start":{"line":36,"column":72},"end":{"line":36,"column":null}}]},"4":{"loc":{"start":{"line":46,"column":9},"end":{"line":48,"column":28}},"type":"binary-expr","locations":[{"start":{"line":46,"column":9},"end":{"line":46,"column":null}},{"start":{"line":47,"column":10},"end":{"line":48,"column":28}}]}},"s":{"0":4,"1":1,"2":1,"3":1,"4":1,"5":1,"6":1,"7":1,"8":1,"9":1,"10":4,"11":4,"12":16,"13":1},"f":{"0":4,"1":16},"b":{"0":[4,0],"1":[0,4],"2":[0,4],"3":[0,4],"4":[4,4]}}
,"/Users/vanessa/Desktop/entertainment-app-zustand/component/ui/pagination/index.tsx": {"path":"/Users/vanessa/Desktop/entertainment-app-zustand/component/ui/pagination/index.tsx","statementMap":{"0":{"start":{"line":110,"column":0},"end":{"line":110,"column":15}},"1":{"start":{"line":9,"column":19},"end":{"line":108,"column":null}},"2":{"start":{"line":10,"column":25},"end":{"line":14,"column":null}},"3":{"start":{"line":11,"column":4},"end":{"line":13,"column":null}},"4":{"start":{"line":12,"column":6},"end":{"line":12,"column":null}},"5":{"start":{"line":16,"column":21},"end":{"line":20,"column":null}},"6":{"start":{"line":17,"column":4},"end":{"line":19,"column":null}},"7":{"start":{"line":18,"column":6},"end":{"line":18,"column":null}},"8":{"start":{"line":22,"column":25},"end":{"line":55,"column":null}},"9":{"start":{"line":23,"column":39},"end":{"line":23,"column":41}},"10":{"start":{"line":24,"column":23},"end":{"line":24,"column":null}},"11":{"start":{"line":26,"column":4},"end":{"line":52,"column":null}},"12":{"start":{"line":27,"column":6},"end":{"line":29,"column":null}},"13":{"start":{"line":27,"column":19},"end":{"line":27,"column":22}},"14":{"start":{"line":28,"column":8},"end":{"line":28,"column":null}},"15":{"start":{"line":31,"column":6},"end":{"line":51,"column":null}},"16":{"start":{"line":32,"column":8},"end":{"line":34,"column":null}},"17":{"start":{"line":32,"column":21},"end":{"line":32,"column":24}},"18":{"start":{"line":33,"column":10},"end":{"line":33,"column":null}},"19":{"start":{"line":35,"column":8},"end":{"line":35,"column":null}},"20":{"start":{"line":36,"column":8},"end":{"line":36,"column":null}},"21":{"start":{"line":37,"column":13},"end":{"line":51,"column":null}},"22":{"start":{"line":38,"column":8},"end":{"line":38,"column":null}},"23":{"start":{"line":39,"column":8},"end":{"line":39,"column":null}},"24":{"start":{"line":40,"column":8},"end":{"line":42,"column":null}},"25":{"start":{"line":40,"column":21},"end":{"line":40,"column":37}},"26":{"start":{"line":41,"column":10},"end":{"line":41,"column":null}},"27":{"start":{"line":44,"column":8},"end":{"line":44,"column":null}},"28":{"start":{"line":45,"column":8},"end":{"line":45,"column":null}},"29":{"start":{"line":46,"column":8},"end":{"line":46,"column":null}},"30":{"start":{"line":47,"column":8},"end":{"line":47,"column":null}},"31":{"start":{"line":48,"column":8},"end":{"line":48,"column":null}},"32":{"start":{"line":49,"column":8},"end":{"line":49,"column":null}},"33":{"start":{"line":50,"column":8},"end":{"line":50,"column":null}},"34":{"start":{"line":54,"column":4},"end":{"line":54,"column":null}},"35":{"start":{"line":57,"column":2},"end":{"line":57,"column":null}},"36":{"start":{"line":57,"column":23},"end":{"line":57,"column":null}},"37":{"start":{"line":72,"column":10},"end":{"line":78,"column":null}},"38":{"start":{"line":73,"column":12},"end":{"line":74,"column":46}},"39":{"start":{"line":80,"column":10},"end":{"line":82,"column":null}},"40":{"start":{"line":83,"column":29},"end":{"line":83,"column":null}},"41":{"start":{"line":110,"column":15},"end":{"line":110,"column":null}}},"fnMap":{"0":{"name":"(anonymous_1)","decl":{"start":{"line":9,"column":19},"end":{"line":9,"column":20}},"loc":{"start":{"line":9,"column":78},"end":{"line":108,"column":null}}},"1":{"name":"(anonymous_2)","decl":{"start":{"line":10,"column":25},"end":{"line":10,"column":null}},"loc":{"start":{"line":10,"column":25},"end":{"line":14,"column":null}}},"2":{"name":"(anonymous_3)","decl":{"start":{"line":16,"column":21},"end":{"line":16,"column":null}},"loc":{"start":{"line":16,"column":21},"end":{"line":20,"column":null}}},"3":{"name":"(anonymous_4)","decl":{"start":{"line":22,"column":25},"end":{"line":22,"column":null}},"loc":{"start":{"line":22,"column":25},"end":{"line":55,"column":null}}},"4":{"name":"(anonymous_5)","decl":{"start":{"line":71,"column":30},"end":{"line":71,"column":31}},"loc":{"start":{"line":71,"column":37},"end":{"line":95,"column":null}}},"5":{"name":"(anonymous_6)","decl":{"start":{"line":83,"column":23},"end":{"line":83,"column":29}},"loc":{"start":{"line":83,"column":29},"end":{"line":83,"column":null}}}},"branchMap":{"0":{"loc":{"start":{"line":11,"column":4},"end":{"line":13,"column":null}},"type":"if","locations":[{"start":{"line":11,"column":4},"end":{"line":13,"column":null}},{"start":{},"end":{}}]},"1":{"loc":{"start":{"line":17,"column":4},"end":{"line":19,"column":null}},"type":"if","locations":[{"start":{"line":17,"column":4},"end":{"line":19,"column":null}},{"start":{},"end":{}}]},"2":{"loc":{"start":{"line":26,"column":4},"end":{"line":52,"column":null}},"type":"if","locations":[{"start":{"line":26,"column":4},"end":{"line":52,"column":null}},{"start":{"line":30,"column":11},"end":{"line":52,"column":null}}]},"3":{"loc":{"start":{"line":31,"column":6},"end":{"line":51,"column":null}},"type":"if","locations":[{"start":{"line":31,"column":6},"end":{"line":51,"column":null}},{"start":{"line":37,"column":13},"end":{"line":51,"column":null}}]},"4":{"loc":{"start":{"line":37,"column":13},"end":{"line":51,"column":null}},"type":"if","locations":[{"start":{"line":37,"column":13},"end":{"line":51,"column":null}},{"start":{"line":43,"column":13},"end":{"line":51,"column":null}}]},"5":{"loc":{"start":{"line":57,"column":2},"end":{"line":57,"column":null}},"type":"if","locations":[{"start":{"line":57,"column":2},"end":{"line":57,"column":null}},{"start":{},"end":{}}]},"6":{"loc":{"start":{"line":72,"column":10},"end":{"line":78,"column":null}},"type":"if","locations":[{"start":{"line":72,"column":10},"end":{"line":78,"column":null}},{"start":{},"end":{}}]},"7":{"loc":{"start":{"line":85,"column":16},"end":{"line":87,"column":null}},"type":"cond-expr","locations":[{"start":{"line":86,"column":20},"end":{"line":86,"column":null}},{"start":{"line":87,"column":20},"end":{"line":87,"column":null}}]},"8":{"loc":{"start":{"line":90,"column":28},"end":{"line":90,"column":null}},"type":"cond-expr","locations":[{"start":{"line":90,"column":51},"end":{"line":90,"column":60}},{"start":{"line":90,"column":60},"end":{"line":90,"column":null}}]}},"s":{"0":39,"1":4,"2":39,"3":0,"4":0,"5":39,"6":0,"7":0,"8":39,"9":32,"10":32,"11":32,"12":32,"13":32,"14":64,"15":0,"16":0,"17":0,"18":0,"19":0,"20":0,"21":0,"22":0,"23":0,"24":0,"25":0,"26":0,"27":0,"28":0,"29":0,"30":0,"31":0,"32":0,"33":0,"34":32,"35":39,"36":7,"37":64,"38":0,"39":64,"40":0,"41":4},"f":{"0":39,"1":0,"2":0,"3":32,"4":64,"5":0},"b":{"0":[0,0],"1":[0,0],"2":[32,0],"3":[0,0],"4":[0,0],"5":[7,32],"6":[0,64],"7":[32,32],"8":[32,32]}}
,"/Users/vanessa/Desktop/entertainment-app-zustand/store/index.ts": {"path":"/Users/vanessa/Desktop/entertainment-app-zustand/store/index.ts","statementMap":{"0":{"start":{"line":21,"column":13},"end":{"line":21,"column":27}},"1":{"start":{"line":2,"column":23},"end":{"line":2,"column":null}},"2":{"start":{"line":21,"column":27},"end":{"line":526,"column":null}},"3":{"start":{"line":21,"column":61},"end":{"line":526,"column":null}},"4":{"start":{"line":484,"column":4},"end":{"line":489,"column":null}},"5":{"start":{"line":485,"column":22},"end":{"line":486,"column":null}},"6":{"start":{"line":486,"column":8},"end":{"line":486,"column":null}},"7":{"start":{"line":488,"column":6},"end":{"line":488,"column":null}},"8":{"start":{"line":491,"column":35},"end":{"line":491,"column":null}},"9":{"start":{"line":493,"column":18},"end":{"line":493,"column":null}},"10":{"start":{"line":494,"column":19},"end":{"line":494,"column":42}},"11":{"start":{"line":496,"column":4},"end":{"line":498,"column":null}},"12":{"start":{"line":497,"column":6},"end":{"line":497,"column":null}},"13":{"start":{"line":497,"column":43},"end":{"line":497,"column":null}},"14":{"start":{"line":500,"column":4},"end":{"line":502,"column":null}},"15":{"start":{"line":501,"column":6},"end":{"line":501,"column":null}},"16":{"start":{"line":501,"column":43},"end":{"line":501,"column":null}},"17":{"start":{"line":504,"column":4},"end":{"line":506,"column":null}},"18":{"start":{"line":505,"column":6},"end":{"line":505,"column":null}},"19":{"start":{"line":505,"column":43},"end":{"line":505,"column":60}},"20":{"start":{"line":508,"column":4},"end":{"line":508,"column":null}},"21":{"start":{"line":511,"column":18},"end":{"line":511,"column":null}},"22":{"start":{"line":512,"column":4},"end":{"line":512,"column":null}},"23":{"start":{"line":512,"column":52},"end":{"line":512,"column":67}},"24":{"start":{"line":515,"column":18},"end":{"line":515,"column":null}},"25":{"start":{"line":516,"column":4},"end":{"line":516,"column":null}},"26":{"start":{"line":516,"column":52},"end":{"line":516,"column":68}},"27":{"start":{"line":518,"column":33},"end":{"line":518,"column":null}},"28":{"start":{"line":519,"column":35},"end":{"line":519,"column":null}},"29":{"start":{"line":520,"column":37},"end":{"line":520,"column":null}},"30":{"start":{"line":522,"column":23},"end":{"line":522,"column":null}},"31":{"start":{"line":523,"column":21},"end":{"line":523,"column":null}},"32":{"start":{"line":524,"column":4},"end":{"line":524,"column":null}}},"fnMap":{"0":{"name":"(anonymous_1)","decl":{"start":{"line":21,"column":46},"end":{"line":21,"column":47}},"loc":{"start":{"line":21,"column":61},"end":{"line":526,"column":null}}},"1":{"name":"(anonymous_2)","decl":{"start":{"line":483,"column":18},"end":{"line":483,"column":19}},"loc":{"start":{"line":483,"column":19},"end":{"line":490,"column":null}}},"2":{"name":"(anonymous_3)","decl":{"start":{"line":484,"column":8},"end":{"line":484,"column":9}},"loc":{"start":{"line":484,"column":9},"end":{"line":489,"column":null}}},"3":{"name":"(anonymous_4)","decl":{"start":{"line":485,"column":50},"end":{"line":485,"column":51}},"loc":{"start":{"line":486,"column":8},"end":{"line":486,"column":null}}},"4":{"name":"(anonymous_5)","decl":{"start":{"line":491,"column":17},"end":{"line":491,"column":18}},"loc":{"start":{"line":491,"column":35},"end":{"line":491,"column":null}}},"5":{"name":"(anonymous_6)","decl":{"start":{"line":492,"column":19},"end":{"line":492,"column":20}},"loc":{"start":{"line":492,"column":39},"end":{"line":509,"column":null}}},"6":{"name":"(anonymous_7)","decl":{"start":{"line":497,"column":33},"end":{"line":497,"column":34}},"loc":{"start":{"line":497,"column":43},"end":{"line":497,"column":null}}},"7":{"name":"(anonymous_8)","decl":{"start":{"line":501,"column":33},"end":{"line":501,"column":34}},"loc":{"start":{"line":501,"column":43},"end":{"line":501,"column":null}}},"8":{"name":"(anonymous_9)","decl":{"start":{"line":505,"column":33},"end":{"line":505,"column":34}},"loc":{"start":{"line":505,"column":43},"end":{"line":505,"column":60}}},"9":{"name":"(anonymous_10)","decl":{"start":{"line":510,"column":19},"end":{"line":510,"column":null}},"loc":{"start":{"line":510,"column":19},"end":{"line":513,"column":null}}},"10":{"name":"(anonymous_11)","decl":{"start":{"line":512,"column":42},"end":{"line":512,"column":43}},"loc":{"start":{"line":512,"column":52},"end":{"line":512,"column":67}}},"11":{"name":"(anonymous_12)","decl":{"start":{"line":514,"column":22},"end":{"line":514,"column":null}},"loc":{"start":{"line":514,"column":22},"end":{"line":517,"column":null}}},"12":{"name":"(anonymous_13)","decl":{"start":{"line":516,"column":42},"end":{"line":516,"column":43}},"loc":{"start":{"line":516,"column":52},"end":{"line":516,"column":68}}},"13":{"name":"(anonymous_14)","decl":{"start":{"line":518,"column":15},"end":{"line":518,"column":16}},"loc":{"start":{"line":518,"column":33},"end":{"line":518,"column":null}}},"14":{"name":"(anonymous_15)","decl":{"start":{"line":519,"column":17},"end":{"line":519,"column":18}},"loc":{"start":{"line":519,"column":35},"end":{"line":519,"column":null}}},"15":{"name":"(anonymous_16)","decl":{"start":{"line":520,"column":19},"end":{"line":520,"column":20}},"loc":{"start":{"line":520,"column":37},"end":{"line":520,"column":null}}},"16":{"name":"(anonymous_17)","decl":{"start":{"line":521,"column":20},"end":{"line":521,"column":21}},"loc":{"start":{"line":521,"column":60},"end":{"line":525,"column":null}}}},"branchMap":{"0":{"loc":{"start":{"line":486,"column":8},"end":{"line":486,"column":null}},"type":"cond-expr","locations":[{"start":{"line":486,"column":30},"end":{"line":486,"column":76}},{"start":{"line":486,"column":76},"end":{"line":486,"column":null}}]},"1":{"loc":{"start":{"line":496,"column":4},"end":{"line":498,"column":null}},"type":"if","locations":[{"start":{"line":496,"column":4},"end":{"line":498,"column":null}},{"start":{},"end":{}}]},"2":{"loc":{"start":{"line":500,"column":4},"end":{"line":502,"column":null}},"type":"if","locations":[{"start":{"line":500,"column":4},"end":{"line":502,"column":null}},{"start":{},"end":{}}]},"3":{"loc":{"start":{"line":504,"column":4},"end":{"line":506,"column":null}},"type":"if","locations":[{"start":{"line":504,"column":4},"end":{"line":506,"column":null}},{"start":{},"end":{}}]}},"s":{"0":1940,"1":9,"2":9,"3":9,"4":78,"5":78,"6":2262,"7":78,"8":87,"9":150,"10":150,"11":150,"12":48,"13":1392,"14":150,"15":69,"16":1509,"17":150,"18":35,"19":418,"20":150,"21":26,"22":26,"23":533,"24":25,"25":25,"26":511,"27":0,"28":0,"29":0,"30":46,"31":46,"32":46},"f":{"0":9,"1":78,"2":78,"3":2262,"4":87,"5":150,"6":1392,"7":1509,"8":418,"9":26,"10":533,"11":25,"12":511,"13":0,"14":0,"15":0,"16":46},"b":{"0":[75,2187],"1":[48,102],"2":[69,81],"3":[35,115]}}
}
