TN:
SF:app/layout.tsx
FN:19,RootLayout
FNF:1
FNH:0
FNDA:0,RootLayout
DA:3,0
DA:4,0
DA:5,0
DA:7,0
DA:9,0
DA:15,0
DA:19,0
LF:7
LH:0
BRF:0
BRH:0
end_of_record
TN:
SF:app/loading.tsx
FN:1,Loading
FNF:1
FNH:0
FNDA:0,Loading
DA:1,0
DA:2,0
LF:2
LH:0
BRF:0
BRH:0
end_of_record
TN:
SF:app/(main)/layout.tsx
FN:4,MainLayout
FNF:1
FNH:0
FNDA:0,MainLayout
DA:2,0
DA:4,0
LF:2
LH:0
BRF:0
BRH:0
end_of_record
TN:
SF:app/(main)/page.tsx
FN:11,Home
FN:56,(anonymous_3)
FNF:2
FNH:2
FNDA:23,Home
FNDA:80,(anonymous_3)
DA:3,2
DA:5,2
DA:6,2
DA:7,2
DA:8,2
DA:9,2
DA:11,14
DA:22,23
DA:24,23
DA:25,23
DA:26,23
DA:28,23
DA:33,23
DA:57,80
LF:14
LH:14
BRDA:40,0,0,7
BRF:1
BRH:1
end_of_record
TN:
SF:app/(main)/bookmarks/page.tsx
FN:6,(anonymous_2)
FNF:1
FNH:1
FNDA:13,(anonymous_2)
DA:2,2
DA:3,2
DA:4,2
DA:6,2
DA:7,13
DA:9,13
DA:10,13
DA:25,10
LF:8
LH:8
BRF:0
BRH:0
end_of_record
TN:
SF:app/(main)/movies/page.tsx
FN:7,(anonymous_2)
FNF:1
FNH:1
FNDA:14,(anonymous_2)
DA:2,2
DA:3,2
DA:4,2
DA:5,2
DA:7,2
DA:9,14
DA:11,14
DA:13,14
DA:14,14
DA:26,9
LF:10
LH:10
BRF:0
BRH:0
end_of_record
TN:
SF:app/(main)/tv-series/page.tsx
FN:7,(anonymous_2)
FNF:1
FNH:1
FNDA:9,(anonymous_2)
DA:2,2
DA:3,2
DA:4,2
DA:5,2
DA:7,2
DA:9,9
DA:11,9
DA:13,9
DA:18,9
DA:31,6
LF:10
LH:10
BRF:0
BRH:0
end_of_record
TN:
SF:component/ui/card/index.tsx
FN:28,(anonymous_2)
FN:30,(anonymous_3)
FN:30,(anonymous_4)
FN:32,(anonymous_5)
FN:34,(anonymous_6)
FNF:5
FNH:5
FNDA:509,(anonymous_2)
FNDA:1727,(anonymous_3)
FNDA:17971,(anonymous_4)
FNDA:1727,(anonymous_5)
FNDA:1,(anonymous_6)
DA:2,7
DA:3,7
DA:4,7
DA:5,7
DA:6,7
DA:28,7
DA:29,509
DA:30,17971
DA:32,1727
DA:34,509
DA:35,1
DA:88,509
LF:12
LH:12
BRDA:28,0,0,3
BRDA:30,1,0,1727
BRDA:30,1,1,1376
BRDA:41,2,0,139
BRDA:41,2,1,370
BRDA:46,3,0,509
BRDA:46,3,1,139
BRDA:51,4,0,105
BRDA:51,4,1,404
BRDA:53,5,0,509
BRDA:55,6,0,139
BRDA:55,6,1,370
BRDA:56,7,0,139
BRDA:56,7,1,370
BRDA:57,8,0,509
BRDA:57,8,1,370
BRDA:58,9,0,509
BRDA:58,9,1,1
BRDA:58,9,2,0
BRDA:66,10,0,139
BRDA:66,10,1,370
BRDA:75,11,0,292
BRF:22
BRH:21
end_of_record
TN:
SF:component/ui/card-list/index.tsx
FN:10,(anonymous_2)
FN:13,(anonymous_3)
FNF:2
FNH:2
FNDA:75,(anonymous_2)
FNDA:422,(anonymous_3)
DA:2,6
DA:3,6
DA:10,6
DA:14,422
DA:28,75
LF:5
LH:5
BRF:0
BRH:0
end_of_record
TN:
SF:component/ui/carousel/index.tsx
FN:12,(anonymous_1)
FN:23,(anonymous_2)
FNF:2
FNH:2
FNDA:16,(anonymous_1)
FNDA:80,(anonymous_2)
DA:5,2
DA:12,2
DA:13,16
DA:15,16
DA:24,80
DA:33,16
LF:6
LH:6
BRDA:15,0,0,0
BRDA:15,0,1,16
BRF:2
BRH:1
end_of_record
TN:
SF:component/ui/content-grid/index.tsx
FN:7,(anonymous_1)
FNF:1
FNH:1
FNDA:75,(anonymous_1)
DA:7,6
DA:11,75
LF:2
LH:2
BRF:0
BRH:0
end_of_record
TN:
SF:component/ui/icons/BookmarkIcon.tsx
FN:5,(anonymous_1)
FNF:1
FNH:1
FNDA:509,(anonymous_1)
DA:5,7
DA:18,509
LF:2
LH:2
BRDA:5,0,0,0
BRF:1
BRH:0
end_of_record
TN:
SF:component/ui/icons/BookmarkNavIcon.tsx
FN:5,(anonymous_1)
FNF:1
FNH:1
FNDA:4,(anonymous_1)
DA:5,1
DA:16,4
LF:2
LH:2
BRDA:5,0,0,4
BRF:1
BRH:1
end_of_record
TN:
SF:component/ui/icons/HomeIcon.tsx
FN:5,(anonymous_1)
FNF:1
FNH:1
FNDA:4,(anonymous_1)
DA:5,1
DA:16,4
LF:2
LH:2
BRDA:5,0,0,0
BRF:1
BRH:0
end_of_record
TN:
SF:component/ui/icons/MovieIcon.tsx
FN:5,(anonymous_1)
FNF:1
FNH:1
FNDA:296,(anonymous_1)
DA:5,8
DA:16,296
LF:2
LH:2
BRDA:5,0,0,4
BRF:1
BRH:1
end_of_record
TN:
SF:component/ui/icons/PlayIcon.tsx
FN:1,(anonymous_1)
FNF:1
FNH:0
FNDA:0,(anonymous_1)
DA:1,0
DA:12,0
LF:2
LH:0
BRF:0
BRH:0
end_of_record
TN:
SF:component/ui/icons/SearchIcon.tsx
FN:1,(anonymous_1)
FNF:1
FNH:1
FNDA:64,(anonymous_1)
DA:1,6
DA:12,64
LF:2
LH:2
BRF:0
BRH:0
end_of_record
TN:
SF:component/ui/icons/SiteLogo.tsx
FN:1,(anonymous_1)
FNF:1
FNH:1
FNDA:4,(anonymous_1)
DA:1,1
DA:12,4
LF:2
LH:2
BRF:0
BRH:0
end_of_record
TN:
SF:component/ui/icons/TVIcon.tsx
FN:5,(anonymous_1)
FNF:1
FNH:1
FNDA:221,(anonymous_1)
DA:5,8
DA:16,221
LF:2
LH:2
BRDA:5,0,0,4
BRF:1
BRH:1
end_of_record
TN:
SF:component/ui/input/index.tsx
FN:11,(anonymous_2)
FN:12,(anonymous_3)
FN:24,(anonymous_4)
FNF:3
FNH:3
FNDA:64,(anonymous_2)
FNDA:23,(anonymous_3)
FNDA:23,(anonymous_4)
DA:4,6
DA:11,6
DA:12,64
DA:13,23
DA:14,23
DA:24,23
DA:30,64
LF:7
LH:7
BRF:0
BRH:0
end_of_record
TN:
SF:component/ui/navbar/index.tsx
FN:18,(anonymous_2)
FN:47,(anonymous_3)
FNF:2
FNH:2
FNDA:4,(anonymous_2)
FNDA:16,(anonymous_3)
DA:3,1
DA:4,1
DA:6,1
DA:7,1
DA:8,1
DA:9,1
DA:10,1
DA:11,1
DA:18,1
DA:19,4
DA:21,4
DA:48,16
DA:60,4
LF:13
LH:13
BRDA:24,0,0,4
BRDA:24,0,1,0
BRDA:28,1,0,0
BRDA:28,1,1,4
BRDA:32,2,0,0
BRDA:32,2,1,4
BRDA:36,3,0,0
BRDA:36,3,1,4
BRDA:46,4,0,4
BRDA:46,4,1,4
BRF:10
BRH:6
end_of_record
TN:
SF:component/ui/pagination/index.tsx
FN:9,(anonymous_1)
FN:10,(anonymous_2)
FN:16,(anonymous_3)
FN:22,(anonymous_4)
FN:71,(anonymous_5)
FN:83,(anonymous_6)
FNF:6
FNH:3
FNDA:39,(anonymous_1)
FNDA:0,(anonymous_2)
FNDA:0,(anonymous_3)
FNDA:32,(anonymous_4)
FNDA:64,(anonymous_5)
FNDA:0,(anonymous_6)
DA:9,4
DA:10,39
DA:11,0
DA:12,0
DA:16,39
DA:17,0
DA:18,0
DA:22,39
DA:23,32
DA:24,32
DA:26,32
DA:27,32
DA:28,64
DA:31,0
DA:32,0
DA:33,0
DA:35,0
DA:36,0
DA:37,0
DA:38,0
DA:39,0
DA:40,0
DA:41,0
DA:44,0
DA:45,0
DA:46,0
DA:47,0
DA:48,0
DA:49,0
DA:50,0
DA:54,32
DA:57,39
DA:72,64
DA:73,0
DA:80,64
DA:83,0
DA:110,39
LF:37
LH:14
BRDA:11,0,0,0
BRDA:11,0,1,0
BRDA:17,1,0,0
BRDA:17,1,1,0
BRDA:26,2,0,32
BRDA:26,2,1,0
BRDA:31,3,0,0
BRDA:31,3,1,0
BRDA:37,4,0,0
BRDA:37,4,1,0
BRDA:57,5,0,7
BRDA:57,5,1,32
BRDA:72,6,0,0
BRDA:72,6,1,64
BRDA:85,7,0,32
BRDA:85,7,1,32
BRDA:90,8,0,32
BRDA:90,8,1,32
BRF:18
BRH:8
end_of_record
TN:
SF:store/index.ts
FN:21,(anonymous_1)
FN:483,(anonymous_2)
FN:484,(anonymous_3)
FN:485,(anonymous_4)
FN:491,(anonymous_5)
FN:492,(anonymous_6)
FN:497,(anonymous_7)
FN:501,(anonymous_8)
FN:505,(anonymous_9)
FN:510,(anonymous_10)
FN:512,(anonymous_11)
FN:514,(anonymous_12)
FN:516,(anonymous_13)
FN:518,(anonymous_14)
FN:519,(anonymous_15)
FN:520,(anonymous_16)
FN:521,(anonymous_17)
FNF:17
FNH:14
FNDA:9,(anonymous_1)
FNDA:78,(anonymous_2)
FNDA:78,(anonymous_3)
FNDA:2262,(anonymous_4)
FNDA:87,(anonymous_5)
FNDA:150,(anonymous_6)
FNDA:1392,(anonymous_7)
FNDA:1509,(anonymous_8)
FNDA:418,(anonymous_9)
FNDA:26,(anonymous_10)
FNDA:533,(anonymous_11)
FNDA:25,(anonymous_12)
FNDA:511,(anonymous_13)
FNDA:0,(anonymous_14)
FNDA:0,(anonymous_15)
FNDA:0,(anonymous_16)
FNDA:46,(anonymous_17)
DA:2,9
DA:21,1940
DA:484,78
DA:485,78
DA:486,2262
DA:488,78
DA:491,87
DA:493,150
DA:494,150
DA:496,150
DA:497,1392
DA:500,150
DA:501,1509
DA:504,150
DA:505,418
DA:508,150
DA:511,26
DA:512,533
DA:515,25
DA:516,511
DA:518,0
DA:519,0
DA:520,0
DA:522,46
DA:523,46
DA:524,46
LF:26
LH:23
BRDA:486,0,0,75
BRDA:486,0,1,2187
BRDA:496,1,0,48
BRDA:496,1,1,102
BRDA:500,2,0,69
BRDA:500,2,1,81
BRDA:504,3,0,35
BRDA:504,3,1,115
BRF:8
BRH:8
end_of_record
